# JRE version: OpenJDK Runtime Environment (8.0_152-b01) (build 1.8.0_152-release-1343-b01)
# Java VM: OpenJDK 64-Bit Server VM (25.152-b01 mixed mode windows-amd64 compressed oops)
Heap:
 PSYoungGen      total 113664K, used 9265K [0x00000000e0000000, 0x00000000e8600000, 0x0000000100000000)
  eden space 100864K, 0% used [0x00000000e0000000,0x00000000e0000000,0x00000000e6280000)
  from space 12800K, 72% used [0x00000000e6f00000,0x00000000e780c530,0x00000000e7b80000)
  to   space 12800K, 0% used [0x00000000e6280000,0x00000000e6280000,0x00000000e6f00000)
 ParOldGen       total 88576K, used 9606K [0x00000000a0000000, 0x00000000a5680000, 0x00000000e0000000)
  object space 88576K, 10% used [0x00000000a0000000,0x00000000a0961ad8,0x00000000a5680000)
 Metaspace       used 34708K, capacity 35414K, committed 35496K, reserved 1079296K
  class space    used 4784K, capacity 4988K, committed 5040K, reserved 1048576K
GC Heap History (10 events):
Event: 7.778 GC heap after
Heap after GC invocations=5 (full 1):
 PSYoungGen      total 56320K, used 0K [0x00000000e0000000, 0x00000000e3e80000, 0x0000000100000000)
  eden space 48640K, 0% used [0x00000000e0000000,0x00000000e0000000,0x00000000e2f80000)
  from space 7680K, 0% used [0x00000000e3700000,0x00000000e3700000,0x00000000e3e80000)
  to   space 7680K, 0% used [0x00000000e2f80000,0x00000000e2f80000,0x00000000e3700000)
 ParOldGen       total 88576K, used 9582K [0x00000000a0000000, 0x00000000a5680000, 0x00000000e0000000)
  object space 88576K, 10% used [0x00000000a0000000,0x00000000a095bad8,0x00000000a5680000)
 Metaspace       used 20655K, capacity 21194K, committed 21296K, reserved 1067008K
  class space    used 2905K, capacity 3091K, committed 3120K, reserved 1048576K
}
Event: 9.527 GC heap before
{Heap before GC invocations=6 (full 1):
 PSYoungGen      total 56320K, used 48640K [0x00000000e0000000, 0x00000000e3e80000, 0x0000000100000000)
  eden space 48640K, 100% used [0x00000000e0000000,0x00000000e2f80000,0x00000000e2f80000)
  from space 7680K, 0% used [0x00000000e3700000,0x00000000e3700000,0x00000000e3e80000)
  to   space 7680K, 0% used [0x00000000e2f80000,0x00000000e2f80000,0x00000000e3700000)
 ParOldGen       total 88576K, used 9582K [0x00000000a0000000, 0x00000000a5680000, 0x00000000e0000000)
  object space 88576K, 10% used [0x00000000a0000000,0x00000000a095bad8,0x00000000a5680000)
 Metaspace       used 27223K, capacity 27740K, committed 28080K, reserved 1073152K
  class space    used 3715K, capacity 3901K, committed 4016K, reserved 1048576K
Event: 9.532 GC heap after
Heap after GC invocations=6 (full 1):
 PSYoungGen      total 56320K, used 6547K [0x00000000e0000000, 0x00000000e5a80000, 0x0000000100000000)
  eden space 48640K, 0% used [0x00000000e0000000,0x00000000e0000000,0x00000000e2f80000)
  from space 7680K, 85% used [0x00000000e2f80000,0x00000000e35e4f20,0x00000000e3700000)
  to   space 11776K, 0% used [0x00000000e4f00000,0x00000000e4f00000,0x00000000e5a80000)
 ParOldGen       total 88576K, used 9590K [0x00000000a0000000, 0x00000000a5680000, 0x00000000e0000000)
  object space 88576K, 10% used [0x00000000a0000000,0x00000000a095dad8,0x00000000a5680000)
 Metaspace       used 27223K, capacity 27740K, committed 28080K, reserved 1073152K
  class space    used 3715K, capacity 3901K, committed 4016K, reserved 1048576K
}
Event: 10.655 GC heap before
{Heap before GC invocations=7 (full 1):
 PSYoungGen      total 56320K, used 55187K [0x00000000e0000000, 0x00000000e5a80000, 0x0000000100000000)
  eden space 48640K, 100% used [0x00000000e0000000,0x00000000e2f80000,0x00000000e2f80000)
  from space 7680K, 85% used [0x00000000e2f80000,0x00000000e35e4f20,0x00000000e3700000)
  to   space 11776K, 0% used [0x00000000e4f00000,0x00000000e4f00000,0x00000000e5a80000)
 ParOldGen       total 88576K, used 9590K [0x00000000a0000000, 0x00000000a5680000, 0x00000000e0000000)
  object space 88576K, 10% used [0x00000000a0000000,0x00000000a095dad8,0x00000000a5680000)
 Metaspace       used 30154K, capacity 30688K, committed 31024K, reserved 1075200K
  class space    used 4108K, capacity 4302K, committed 4400K, reserved 1048576K
Event: 10.664 GC heap after
Heap after GC invocations=7 (full 1):
 PSYoungGen      total 80896K, used 6719K [0x00000000e0000000, 0x00000000e5c80000, 0x0000000100000000)
  eden space 69120K, 0% used [0x00000000e0000000,0x00000000e0000000,0x00000000e4380000)
  from space 11776K, 57% used [0x00000000e4f00000,0x00000000e558fe38,0x00000000e5a80000)
  to   space 11776K, 0% used [0x00000000e4380000,0x00000000e4380000,0x00000000e4f00000)
 ParOldGen       total 88576K, used 9598K [0x00000000a0000000, 0x00000000a5680000, 0x00000000e0000000)
  object space 88576K, 10% used [0x00000000a0000000,0x00000000a095fad8,0x00000000a5680000)
 Metaspace       used 30154K, capacity 30688K, committed 31024K, reserved 1075200K
  class space    used 4108K, capacity 4302K, committed 4400K, reserved 1048576K
}
Event: 13.631 GC heap before
{Heap before GC invocations=8 (full 1):
 PSYoungGen      total 80896K, used 75839K [0x00000000e0000000, 0x00000000e5c80000, 0x0000000100000000)
  eden space 69120K, 100% used [0x00000000e0000000,0x00000000e4380000,0x00000000e4380000)
  from space 11776K, 57% used [0x00000000e4f00000,0x00000000e558fe38,0x00000000e5a80000)
  to   space 11776K, 0% used [0x00000000e4380000,0x00000000e4380000,0x00000000e4f00000)
 ParOldGen       total 88576K, used 9598K [0x00000000a0000000, 0x00000000a5680000, 0x00000000e0000000)
  object space 88576K, 10% used [0x00000000a0000000,0x00000000a095fad8,0x00000000a5680000)
 Metaspace       used 33905K, capacity 34636K, committed 34864K, reserved 1079296K
  class space    used 4672K, capacity 4877K, committed 4912K, reserved 1048576K
Event: 13.648 GC heap after
Heap after GC invocations=8 (full 1):
 PSYoungGen      total 80896K, used 11423K [0x00000000e0000000, 0x00000000e7b80000, 0x0000000100000000)
  eden space 69120K, 0% used [0x00000000e0000000,0x00000000e0000000,0x00000000e4380000)
  from space 11776K, 97% used [0x00000000e4380000,0x00000000e4ea7fd8,0x00000000e4f00000)
  to   space 12800K, 0% used [0x00000000e6f00000,0x00000000e6f00000,0x00000000e7b80000)
 ParOldGen       total 88576K, used 9606K [0x00000000a0000000, 0x00000000a5680000, 0x00000000e0000000)
  object space 88576K, 10% used [0x00000000a0000000,0x00000000a0961ad8,0x00000000a5680000)
 Metaspace       used 33905K, capacity 34636K, committed 34864K, reserved 1079296K
  class space    used 4672K, capacity 4877K, committed 4912K, reserved 1048576K
}
Event: 14.132 GC heap before
{Heap before GC invocations=9 (full 1):
 PSYoungGen      total 80896K, used 22758K [0x00000000e0000000, 0x00000000e7b80000, 0x0000000100000000)
  eden space 69120K, 16% used [0x00000000e0000000,0x00000000e0b11b38,0x00000000e4380000)
  from space 11776K, 97% used [0x00000000e4380000,0x00000000e4ea7fd8,0x00000000e4f00000)
  to   space 12800K, 0% used [0x00000000e6f00000,0x00000000e6f00000,0x00000000e7b80000)
 ParOldGen       total 88576K, used 9606K [0x00000000a0000000, 0x00000000a5680000, 0x00000000e0000000)
  object space 88576K, 10% used [0x00000000a0000000,0x00000000a0961ad8,0x00000000a5680000)
 Metaspace       used 34708K, capacity 35414K, committed 35496K, reserved 1079296K
  class space    used 4784K, capacity 4988K, committed 5040K, reserved 1048576K
Event: 14.145 GC heap after
Heap after GC invocations=9 (full 1):
 PSYoungGen      total 113664K, used 9265K [0x00000000e0000000, 0x00000000e8600000, 0x0000000100000000)
  eden space 100864K, 0% used [0x00000000e0000000,0x00000000e0000000,0x00000000e6280000)
  from space 12800K, 72% used [0x00000000e6f00000,0x00000000e780c530,0x00000000e7b80000)
  to   space 12800K, 0% used [0x00000000e6280000,0x00000000e6280000,0x00000000e6f00000)
 ParOldGen       total 88576K, used 9606K [0x00000000a0000000, 0x00000000a5680000, 0x00000000e0000000)
  object space 88576K, 10% used [0x00000000a0000000,0x00000000a0961ad8,0x00000000a5680000)
 Metaspace       used 34708K, capacity 35414K, committed 35496K, reserved 1079296K
  class space    used 4784K, capacity 4988K, committed 5040K, reserved 1048576K
}
Event: 14.145 GC heap before
{Heap before GC invocations=10 (full 2):
 PSYoungGen      total 113664K, used 9265K [0x00000000e0000000, 0x00000000e8600000, 0x0000000100000000)
  eden space 100864K, 0% used [0x00000000e0000000,0x00000000e0000000,0x00000000e6280000)
  from space 12800K, 72% used [0x00000000e6f00000,0x00000000e780c530,0x00000000e7b80000)
  to   space 12800K, 0% used [0x00000000e6280000,0x00000000e6280000,0x00000000e6f00000)
 ParOldGen       total 88576K, used 9606K [0x00000000a0000000, 0x00000000a5680000, 0x00000000e0000000)
  object space 88576K, 10% used [0x00000000a0000000,0x00000000a0961ad8,0x00000000a5680000)
 Metaspace       used 34708K, capacity 35414K, committed 35496K, reserved 1079296K
  class space    used 4784K, capacity 4988K, committed 5040K, reserved 1048576K

